2025-11-11T01:08:27.529+07:00  INFO 10663 --- [health-service] [SpringApplicationShutdownHook] j.LocalContainerEntityManagerFactoryBean : Closing JPA EntityManagerFactory for persistence unit 'default'
2025-11-11T01:08:27.543+07:00  INFO 10663 --- [health-service] [SpringApplicationShutdownHook] com.zaxxer.hikari.HikariDataSource       : HikariPool-1 - Shutdown initiated...
2025-11-11T01:08:27.549+07:00  INFO 10663 --- [health-service] [SpringApplicationShutdownHook] com.zaxxer.hikari.HikariDataSource       : HikariPool-1 - Shutdown completed.
2025-11-11T01:08:30.273+07:00  INFO 14792 --- [health-service] [main] com.health.SmartHealthApplication        : Starting SmartHealthApplication using Java 22.0.2 with PID 14792 (/Users/kira/Desktop/workspace/SmartHealth/backend/target/classes started by kira in /Users/kira/Desktop/workspace/SmartHealth)
2025-11-11T01:08:30.275+07:00  INFO 14792 --- [health-service] [main] com.health.SmartHealthApplication        : No active profile set, falling back to 1 default profile: "default"
2025-11-11T01:08:30.798+07:00  INFO 14792 --- [health-service] [main] .s.d.r.c.RepositoryConfigurationDelegate : Bootstrapping Spring Data JPA repositories in DEFAULT mode.
2025-11-11T01:08:30.853+07:00  INFO 14792 --- [health-service] [main] .s.d.r.c.RepositoryConfigurationDelegate : Finished Spring Data repository scanning in 51 ms. Found 9 JPA repository interfaces.
2025-11-11T01:08:31.310+07:00  INFO 14792 --- [health-service] [main] o.s.b.w.embedded.tomcat.TomcatWebServer  : Tomcat initialized with port 1789 (http)
2025-11-11T01:08:31.339+07:00  INFO 14792 --- [health-service] [main] o.apache.catalina.core.StandardService   : Starting service [Tomcat]
2025-11-11T01:08:31.340+07:00  INFO 14792 --- [health-service] [main] o.apache.catalina.core.StandardEngine    : Starting Servlet engine: [Apache Tomcat/10.1.31]
2025-11-11T01:08:31.399+07:00  INFO 14792 --- [health-service] [main] o.a.c.c.C.[.[.[/health-service]          : Initializing Spring embedded WebApplicationContext
2025-11-11T01:08:31.399+07:00  INFO 14792 --- [health-service] [main] w.s.c.ServletWebServerApplicationContext : Root WebApplicationContext: initialization completed in 1103 ms
2025-11-11T01:08:31.905+07:00  INFO 14792 --- [health-service] [main] com.zaxxer.hikari.HikariDataSource       : HikariPool-1 - Starting...
2025-11-11T01:08:32.235+07:00  INFO 14792 --- [health-service] [main] com.zaxxer.hikari.pool.HikariPool        : HikariPool-1 - Added connection com.mysql.cj.jdbc.ConnectionImpl@3b01897f
2025-11-11T01:08:32.236+07:00  INFO 14792 --- [health-service] [main] com.zaxxer.hikari.HikariDataSource       : HikariPool-1 - Start completed.
2025-11-11T01:08:32.330+07:00  INFO 14792 --- [health-service] [main] o.hibernate.jpa.internal.util.LogHelper  : HHH000204: Processing PersistenceUnitInfo [name: default]
2025-11-11T01:08:32.364+07:00  INFO 14792 --- [health-service] [main] org.hibernate.Version                    : HHH000412: Hibernate ORM core version 6.5.3.Final
2025-11-11T01:08:32.384+07:00  INFO 14792 --- [health-service] [main] o.h.c.internal.RegionFactoryInitiator    : HHH000026: Second-level cache disabled
2025-11-11T01:08:32.543+07:00  INFO 14792 --- [health-service] [main] o.s.o.j.p.SpringPersistenceUnitInfo      : No LoadTimeWeaver setup: ignoring JPA class transformer
2025-11-11T01:08:32.592+07:00  WARN 14792 --- [health-service] [main] org.hibernate.orm.deprecation            : HHH90000025: MySQLDialect does not need to be specified explicitly using 'hibernate.dialect' (remove the property setting and it will be selected by default)
2025-11-11T01:08:33.169+07:00  INFO 14792 --- [health-service] [main] o.h.e.t.j.p.i.JtaPlatformInitiator       : HHH000489: No JTA platform available (set 'hibernate.transaction.jta.platform' to enable JTA platform integration)
2025-11-11T01:08:33.357+07:00  INFO 14792 --- [health-service] [main] j.LocalContainerEntityManagerFactoryBean : Initialized JPA EntityManagerFactory for persistence unit 'default'
2025-11-11T01:08:33.728+07:00  INFO 14792 --- [health-service] [main] r$InitializeUserDetailsManagerConfigurer : Global AuthenticationManager configured with UserDetailsService bean with name customUserDetailsService
2025-11-11T01:08:34.093+07:00  INFO 14792 --- [health-service] [main] o.s.b.a.e.web.EndpointLinksResolver      : Exposing 15 endpoints beneath base path '/actuator'
2025-11-11T01:08:34.575+07:00  INFO 14792 --- [health-service] [main] o.s.b.w.embedded.tomcat.TomcatWebServer  : Tomcat started on port 1789 (http) with context path '/health-service'
2025-11-11T01:08:34.585+07:00  INFO 14792 --- [health-service] [main] com.health.SmartHealthApplication        : Started SmartHealthApplication in 4.602 seconds (process running for 6.087)
2025-11-11T01:08:35.063+07:00  INFO 14792 --- [health-service] [RMI TCP Connection(2)-192.168.2.146] o.a.c.c.C.[.[.[/health-service]          : Initializing Spring DispatcherServlet 'dispatcherServlet'
2025-11-11T01:08:35.064+07:00  INFO 14792 --- [health-service] [RMI TCP Connection(2)-192.168.2.146] o.s.web.servlet.DispatcherServlet        : Initializing Servlet 'dispatcherServlet'
2025-11-11T01:08:35.065+07:00  INFO 14792 --- [health-service] [RMI TCP Connection(2)-192.168.2.146] o.s.web.servlet.DispatcherServlet        : Completed initialization in 1 ms
2025-11-11T01:10:42.375+07:00  INFO 14792 --- [health-service] [SpringApplicationShutdownHook] j.LocalContainerEntityManagerFactoryBean : Closing JPA EntityManagerFactory for persistence unit 'default'
2025-11-11T01:10:42.380+07:00  INFO 14792 --- [health-service] [SpringApplicationShutdownHook] com.zaxxer.hikari.HikariDataSource       : HikariPool-1 - Shutdown initiated...
2025-11-11T01:10:42.392+07:00  INFO 14792 --- [health-service] [SpringApplicationShutdownHook] com.zaxxer.hikari.HikariDataSource       : HikariPool-1 - Shutdown completed.
2025-11-11T01:10:44.783+07:00  INFO 14949 --- [health-service] [main] com.health.SmartHealthApplication        : Starting SmartHealthApplication using Java 22.0.2 with PID 14949 (/Users/kira/Desktop/workspace/SmartHealth/backend/target/classes started by kira in /Users/kira/Desktop/workspace/SmartHealth)
2025-11-11T01:10:44.784+07:00  INFO 14949 --- [health-service] [main] com.health.SmartHealthApplication        : No active profile set, falling back to 1 default profile: "default"
2025-11-11T01:10:45.269+07:00  INFO 14949 --- [health-service] [main] .s.d.r.c.RepositoryConfigurationDelegate : Bootstrapping Spring Data JPA repositories in DEFAULT mode.
2025-11-11T01:10:45.306+07:00  INFO 14949 --- [health-service] [main] .s.d.r.c.RepositoryConfigurationDelegate : Finished Spring Data repository scanning in 33 ms. Found 9 JPA repository interfaces.
2025-11-11T01:10:45.726+07:00  INFO 14949 --- [health-service] [main] o.s.b.w.embedded.tomcat.TomcatWebServer  : Tomcat initialized with port 1789 (http)
2025-11-11T01:10:45.735+07:00  INFO 14949 --- [health-service] [main] o.apache.catalina.core.StandardService   : Starting service [Tomcat]
2025-11-11T01:10:45.735+07:00  INFO 14949 --- [health-service] [main] o.apache.catalina.core.StandardEngine    : Starting Servlet engine: [Apache Tomcat/10.1.31]
2025-11-11T01:10:45.757+07:00  INFO 14949 --- [health-service] [main] o.a.c.c.C.[.[.[/health-service]          : Initializing Spring embedded WebApplicationContext
2025-11-11T01:10:45.757+07:00  INFO 14949 --- [health-service] [main] w.s.c.ServletWebServerApplicationContext : Root WebApplicationContext: initialization completed in 952 ms
2025-11-11T01:10:45.883+07:00  INFO 14949 --- [health-service] [main] com.zaxxer.hikari.HikariDataSource       : HikariPool-1 - Starting...
2025-11-11T01:10:45.979+07:00  INFO 14949 --- [health-service] [main] com.zaxxer.hikari.pool.HikariPool        : HikariPool-1 - Added connection com.mysql.cj.jdbc.ConnectionImpl@5aac6f9f
2025-11-11T01:10:45.981+07:00  INFO 14949 --- [health-service] [main] com.zaxxer.hikari.HikariDataSource       : HikariPool-1 - Start completed.
2025-11-11T01:10:46.045+07:00  INFO 14949 --- [health-service] [main] o.hibernate.jpa.internal.util.LogHelper  : HHH000204: Processing PersistenceUnitInfo [name: default]
2025-11-11T01:10:46.075+07:00  INFO 14949 --- [health-service] [main] org.hibernate.Version                    : HHH000412: Hibernate ORM core version 6.5.3.Final
2025-11-11T01:10:46.096+07:00  INFO 14949 --- [health-service] [main] o.h.c.internal.RegionFactoryInitiator    : HHH000026: Second-level cache disabled
2025-11-11T01:10:46.248+07:00  INFO 14949 --- [health-service] [main] o.s.o.j.p.SpringPersistenceUnitInfo      : No LoadTimeWeaver setup: ignoring JPA class transformer
2025-11-11T01:10:46.301+07:00  WARN 14949 --- [health-service] [main] org.hibernate.orm.deprecation            : HHH90000025: MySQLDialect does not need to be specified explicitly using 'hibernate.dialect' (remove the property setting and it will be selected by default)
2025-11-11T01:10:46.850+07:00  INFO 14949 --- [health-service] [main] o.h.e.t.j.p.i.JtaPlatformInitiator       : HHH000489: No JTA platform available (set 'hibernate.transaction.jta.platform' to enable JTA platform integration)
2025-11-11T01:10:47.040+07:00  INFO 14949 --- [health-service] [main] j.LocalContainerEntityManagerFactoryBean : Initialized JPA EntityManagerFactory for persistence unit 'default'
2025-11-11T01:10:47.462+07:00  INFO 14949 --- [health-service] [main] r$InitializeUserDetailsManagerConfigurer : Global AuthenticationManager configured with UserDetailsService bean with name customUserDetailsService
2025-11-11T01:10:47.816+07:00  INFO 14949 --- [health-service] [main] o.s.b.a.e.web.EndpointLinksResolver      : Exposing 15 endpoints beneath base path '/actuator'
2025-11-11T01:10:48.207+07:00  INFO 14949 --- [health-service] [main] o.s.b.w.embedded.tomcat.TomcatWebServer  : Tomcat started on port 1789 (http) with context path '/health-service'
2025-11-11T01:10:48.215+07:00  INFO 14949 --- [health-service] [main] com.health.SmartHealthApplication        : Started SmartHealthApplication in 3.623 seconds (process running for 4.202)
2025-11-11T01:10:48.325+07:00  INFO 14949 --- [health-service] [RMI TCP Connection(1)-192.168.2.146] o.a.c.c.C.[.[.[/health-service]          : Initializing Spring DispatcherServlet 'dispatcherServlet'
2025-11-11T01:10:48.325+07:00  INFO 14949 --- [health-service] [RMI TCP Connection(1)-192.168.2.146] o.s.web.servlet.DispatcherServlet        : Initializing Servlet 'dispatcherServlet'
2025-11-11T01:10:48.326+07:00  INFO 14949 --- [health-service] [RMI TCP Connection(1)-192.168.2.146] o.s.web.servlet.DispatcherServlet        : Completed initialization in 1 ms
2025-11-11T01:13:38.287+07:00  INFO 14949 --- [health-service] [SpringApplicationShutdownHook] j.LocalContainerEntityManagerFactoryBean : Closing JPA EntityManagerFactory for persistence unit 'default'
2025-11-11T01:13:38.293+07:00  INFO 14949 --- [health-service] [SpringApplicationShutdownHook] com.zaxxer.hikari.HikariDataSource       : HikariPool-1 - Shutdown initiated...
2025-11-11T01:13:38.302+07:00  INFO 14949 --- [health-service] [SpringApplicationShutdownHook] com.zaxxer.hikari.HikariDataSource       : HikariPool-1 - Shutdown completed.
